2022-10-27 11:51:22,279 [Worker-5: Loading available Gradle versions] INFO  o.e.b.c.i.u.g.PublishedGradleVersions - Gradle version information cache is up-to-date. Trying to read.
2022-10-27 11:53:03,804 [Worker-3: Loading available Gradle versions] INFO  o.e.b.c.i.u.g.PublishedGradleVersions - Gradle version information cache is up-to-date. Trying to read.
2022-10-27 11:53:25,876 [Worker-4: Update Maven projects configuration] INFO  o.e.m.c.i.p.ProjectConfigurationManager - Update started
2022-10-27 11:53:26,743 [Worker-4: Update Maven projects configuration] INFO  o.e.m.c.i.l.LifecycleMappingFactory - Using org.eclipse.m2e.jdt.JarLifecycleMapping lifecycle mapping for MavenProject: com.bookwithwrest:book_6.5_rest_api__connecting_database_while_creating_rest_api:0.0.1-SNAPSHOT @ C:\Users\velo\Desktop\java\3.SpringBoot\6.RestApi\book_6.5_rest_api__connecting_database_while_creating_rest_api\pom.xml.
2022-10-27 11:53:27,885 [Worker-4: Update Maven projects configuration] INFO  o.e.m.j.i.AbstractJavaProjectConfigurator - Adding source folder /book_6.5_rest_api__connecting_database_while_creating_rest_api/src/main/java
2022-10-27 11:53:27,886 [Worker-4: Update Maven projects configuration] INFO  o.e.m.j.i.AbstractJavaProjectConfigurator - Adding resource folder /book_6.5_rest_api__connecting_database_while_creating_rest_api/src/main/resources
2022-10-27 11:53:27,902 [Worker-4: Update Maven projects configuration] INFO  o.e.m.j.i.AbstractJavaProjectConfigurator - Adding resource folder /book_6.5_rest_api__connecting_database_while_creating_rest_api/src/main/resources
2022-10-27 11:53:27,911 [Worker-4: Update Maven projects configuration] INFO  o.e.m.j.i.AbstractJavaProjectConfigurator - Adding source folder /book_6.5_rest_api__connecting_database_while_creating_rest_api/src/test/java
2022-10-27 11:53:28,268 [Worker-7: Building] INFO  o.e.m.c.i.embedder.EclipseLogger - Using 'UTF-8' encoding to copy filtered resources.
2022-10-27 11:53:28,268 [Worker-7: Building] INFO  o.e.m.c.i.embedder.EclipseLogger - Using 'UTF-8' encoding to copy filtered properties files.
2022-10-27 11:53:28,271 [Worker-7: Building] INFO  o.e.m.c.i.embedder.EclipseLogger - Copying 1 resource
2022-10-27 11:53:28,291 [Worker-7: Building] INFO  o.e.m.c.i.embedder.EclipseLogger - Copying 0 resource
2022-10-27 11:53:28,294 [Worker-7: Building] INFO  o.e.m.c.i.embedder.EclipseLogger - Using 'UTF-8' encoding to copy filtered resources.
2022-10-27 11:53:28,294 [Worker-7: Building] INFO  o.e.m.c.i.embedder.EclipseLogger - Using 'UTF-8' encoding to copy filtered properties files.
2022-10-27 11:53:28,295 [Worker-7: Building] INFO  o.e.m.c.i.embedder.EclipseLogger - skip non existing resourceDirectory C:\Users\velo\Desktop\java\3.SpringBoot\6.RestApi\book_6.5_rest_api__connecting_database_while_creating_rest_api\src\test\resources
2022-10-27 11:53:30,380 [Worker-4: Update Maven projects configuration] INFO  o.e.m.c.i.p.ProjectConfigurationManager - Update completed: 4 sec
2022-10-27 11:53:30,613 [Worker-1: Building] INFO  o.e.m.c.i.embedder.EclipseLogger - Using 'UTF-8' encoding to copy filtered resources.
2022-10-27 11:53:30,613 [Worker-1: Building] INFO  o.e.m.c.i.embedder.EclipseLogger - Using 'UTF-8' encoding to copy filtered properties files.
2022-10-27 11:53:30,616 [Worker-1: Building] INFO  o.e.m.c.i.embedder.EclipseLogger - Copying 1 resource
2022-10-27 11:53:30,622 [Worker-1: Building] INFO  o.e.m.c.i.embedder.EclipseLogger - Copying 0 resource
2022-10-27 11:53:30,627 [Worker-1: Building] INFO  o.e.m.c.i.embedder.EclipseLogger - Using 'UTF-8' encoding to copy filtered resources.
2022-10-27 11:53:30,627 [Worker-1: Building] INFO  o.e.m.c.i.embedder.EclipseLogger - Using 'UTF-8' encoding to copy filtered properties files.
2022-10-27 11:53:30,627 [Worker-1: Building] INFO  o.e.m.c.i.embedder.EclipseLogger - skip non existing resourceDirectory C:\Users\velo\Desktop\java\3.SpringBoot\6.RestApi\book_6.5_rest_api__connecting_database_while_creating_rest_api\src\test\resources
2022-10-27 11:58:09,757 [Worker-13: Building] INFO  o.e.m.c.i.embedder.EclipseLogger - Using 'UTF-8' encoding to copy filtered resources.
2022-10-27 11:58:09,757 [Worker-13: Building] INFO  o.e.m.c.i.embedder.EclipseLogger - Using 'UTF-8' encoding to copy filtered properties files.
2022-10-27 11:58:09,759 [Worker-13: Building] INFO  o.e.m.c.i.embedder.EclipseLogger - Copying 1 resource
2022-10-27 11:58:09,765 [Worker-13: Building] INFO  o.e.m.c.i.embedder.EclipseLogger - Copying 0 resource
2022-10-27 11:58:09,770 [Worker-13: Building] INFO  o.e.m.c.i.embedder.EclipseLogger - Using 'UTF-8' encoding to copy filtered resources.
2022-10-27 11:58:09,770 [Worker-13: Building] INFO  o.e.m.c.i.embedder.EclipseLogger - Using 'UTF-8' encoding to copy filtered properties files.
2022-10-27 11:58:09,770 [Worker-13: Building] INFO  o.e.m.c.i.embedder.EclipseLogger - skip non existing resourceDirectory C:\Users\velo\Desktop\java\3.SpringBoot\6.RestApi\book_6.5_rest_api__connecting_database_while_creating_rest_api\src\test\resources
2022-10-27 12:04:13,619 [Worker-5: Loading available Gradle versions] INFO  o.e.b.c.i.u.g.PublishedGradleVersions - Gradle version information cache is up-to-date. Trying to read.
2022-10-27 12:04:35,879 [Worker-4: Update Maven projects configuration] INFO  o.e.m.c.i.p.ProjectConfigurationManager - Update started
2022-10-27 12:04:36,553 [Worker-4: Update Maven projects configuration] INFO  o.e.m.c.i.l.LifecycleMappingFactory - Using org.eclipse.m2e.jdt.JarLifecycleMapping lifecycle mapping for MavenProject: com.bookwithwrest:book_6.4_rest_api__handleing_status_while_creating_rest_api:0.0.1-SNAPSHOT @ C:\Users\velo\Desktop\java\3.SpringBoot\6.RestApi\book_6.5_rest_api__connecting_database_while_creating_rest_api\pom.xml.
2022-10-27 12:04:37,751 [Worker-4: Update Maven projects configuration] INFO  o.e.m.j.i.AbstractJavaProjectConfigurator - Adding source folder /book_6.5_rest_api__connecting_database_while_creating_rest_api/src/main/java
2022-10-27 12:04:37,752 [Worker-4: Update Maven projects configuration] INFO  o.e.m.j.i.AbstractJavaProjectConfigurator - Adding resource folder /book_6.5_rest_api__connecting_database_while_creating_rest_api/src/main/resources
2022-10-27 12:04:37,760 [Worker-4: Update Maven projects configuration] INFO  o.e.m.j.i.AbstractJavaProjectConfigurator - Adding resource folder /book_6.5_rest_api__connecting_database_while_creating_rest_api/src/main/resources
2022-10-27 12:04:37,770 [Worker-4: Update Maven projects configuration] INFO  o.e.m.j.i.AbstractJavaProjectConfigurator - Adding source folder /book_6.5_rest_api__connecting_database_while_creating_rest_api/src/test/java
2022-10-27 12:04:39,090 [Worker-4: Update Maven projects configuration] INFO  o.e.m.c.i.p.ProjectConfigurationManager - Update completed: 3 sec
2022-10-27 12:04:39,469 [Worker-5: Building] INFO  o.e.m.c.i.embedder.EclipseLogger - Using 'UTF-8' encoding to copy filtered resources.
2022-10-27 12:04:39,469 [Worker-5: Building] INFO  o.e.m.c.i.embedder.EclipseLogger - Using 'UTF-8' encoding to copy filtered properties files.
2022-10-27 12:04:39,473 [Worker-5: Building] INFO  o.e.m.c.i.embedder.EclipseLogger - Copying 1 resource
2022-10-27 12:04:39,489 [Worker-5: Building] INFO  o.e.m.c.i.embedder.EclipseLogger - Copying 0 resource
2022-10-27 12:04:39,496 [Worker-5: Building] INFO  o.e.m.c.i.embedder.EclipseLogger - Using 'UTF-8' encoding to copy filtered resources.
2022-10-27 12:04:39,496 [Worker-5: Building] INFO  o.e.m.c.i.embedder.EclipseLogger - Using 'UTF-8' encoding to copy filtered properties files.
2022-10-27 12:04:39,496 [Worker-5: Building] INFO  o.e.m.c.i.embedder.EclipseLogger - skip non existing resourceDirectory C:\Users\velo\Desktop\java\3.SpringBoot\6.RestApi\book_6.5_rest_api__connecting_database_while_creating_rest_api\src\test\resources
2022-10-27 12:11:40,405 [Worker-21: Building] INFO  o.e.m.c.i.embedder.EclipseLogger - Using 'UTF-8' encoding to copy filtered resources.
2022-10-27 12:11:40,405 [Worker-21: Building] INFO  o.e.m.c.i.embedder.EclipseLogger - Using 'UTF-8' encoding to copy filtered properties files.
2022-10-27 12:11:40,408 [Worker-21: Building] INFO  o.e.m.c.i.embedder.EclipseLogger - Copying 1 resource
2022-10-27 12:11:40,414 [Worker-21: Building] INFO  o.e.m.c.i.embedder.EclipseLogger - Copying 0 resource
2022-10-27 12:11:40,418 [Worker-21: Building] INFO  o.e.m.c.i.embedder.EclipseLogger - Using 'UTF-8' encoding to copy filtered resources.
2022-10-27 12:11:40,418 [Worker-21: Building] INFO  o.e.m.c.i.embedder.EclipseLogger - Using 'UTF-8' encoding to copy filtered properties files.
2022-10-27 12:11:40,418 [Worker-21: Building] INFO  o.e.m.c.i.embedder.EclipseLogger - skip non existing resourceDirectory C:\Users\velo\Desktop\java\3.SpringBoot\6.RestApi\book_6.5_rest_api__connecting_database_while_creating_rest_api\src\test\resources
2022-10-27 12:15:16,316 [Worker-23: Building] INFO  o.e.m.c.i.embedder.EclipseLogger - Using 'UTF-8' encoding to copy filtered resources.
2022-10-27 12:15:16,316 [Worker-23: Building] INFO  o.e.m.c.i.embedder.EclipseLogger - Using 'UTF-8' encoding to copy filtered properties files.
2022-10-27 12:15:16,318 [Worker-23: Building] INFO  o.e.m.c.i.embedder.EclipseLogger - Copying 1 resource
2022-10-27 12:15:16,324 [Worker-23: Building] INFO  o.e.m.c.i.embedder.EclipseLogger - Copying 0 resource
2022-10-27 12:15:16,328 [Worker-23: Building] INFO  o.e.m.c.i.embedder.EclipseLogger - Using 'UTF-8' encoding to copy filtered resources.
2022-10-27 12:15:16,328 [Worker-23: Building] INFO  o.e.m.c.i.embedder.EclipseLogger - Using 'UTF-8' encoding to copy filtered properties files.
2022-10-27 12:15:16,329 [Worker-23: Building] INFO  o.e.m.c.i.embedder.EclipseLogger - skip non existing resourceDirectory C:\Users\velo\Desktop\java\3.SpringBoot\6.RestApi\book_6.5_rest_api__connecting_database_while_creating_rest_api\src\test\resources
2022-10-27 12:16:26,143 [Worker-24: Building] INFO  o.e.m.c.i.embedder.EclipseLogger - Using 'UTF-8' encoding to copy filtered resources.
2022-10-27 12:16:26,143 [Worker-24: Building] INFO  o.e.m.c.i.embedder.EclipseLogger - Using 'UTF-8' encoding to copy filtered properties files.
2022-10-27 12:16:26,144 [Worker-24: Building] INFO  o.e.m.c.i.embedder.EclipseLogger - Copying 1 resource
2022-10-27 12:16:26,151 [Worker-24: Building] INFO  o.e.m.c.i.embedder.EclipseLogger - Copying 0 resource
2022-10-27 12:16:26,154 [Worker-24: Building] INFO  o.e.m.c.i.embedder.EclipseLogger - Using 'UTF-8' encoding to copy filtered resources.
2022-10-27 12:16:26,154 [Worker-24: Building] INFO  o.e.m.c.i.embedder.EclipseLogger - Using 'UTF-8' encoding to copy filtered properties files.
2022-10-27 12:16:26,155 [Worker-24: Building] INFO  o.e.m.c.i.embedder.EclipseLogger - skip non existing resourceDirectory C:\Users\velo\Desktop\java\3.SpringBoot\6.RestApi\book_6.5_rest_api__connecting_database_while_creating_rest_api\src\test\resources
2022-10-27 12:17:19,723 [Worker-25: Building] INFO  o.e.m.c.i.embedder.EclipseLogger - Using 'UTF-8' encoding to copy filtered resources.
2022-10-27 12:17:19,723 [Worker-25: Building] INFO  o.e.m.c.i.embedder.EclipseLogger - Using 'UTF-8' encoding to copy filtered properties files.
2022-10-27 12:17:19,725 [Worker-25: Building] INFO  o.e.m.c.i.embedder.EclipseLogger - Copying 1 resource
2022-10-27 12:17:19,731 [Worker-25: Building] INFO  o.e.m.c.i.embedder.EclipseLogger - Copying 0 resource
2022-10-27 12:17:19,735 [Worker-25: Building] INFO  o.e.m.c.i.embedder.EclipseLogger - Using 'UTF-8' encoding to copy filtered resources.
2022-10-27 12:17:19,735 [Worker-25: Building] INFO  o.e.m.c.i.embedder.EclipseLogger - Using 'UTF-8' encoding to copy filtered properties files.
2022-10-27 12:17:19,735 [Worker-25: Building] INFO  o.e.m.c.i.embedder.EclipseLogger - skip non existing resourceDirectory C:\Users\velo\Desktop\java\3.SpringBoot\6.RestApi\book_6.5_rest_api__connecting_database_while_creating_rest_api\src\test\resources
2022-10-27 12:18:29,458 [Worker-15: Building] INFO  o.e.m.c.i.embedder.EclipseLogger - Using 'UTF-8' encoding to copy filtered resources.
2022-10-27 12:18:29,459 [Worker-15: Building] INFO  o.e.m.c.i.embedder.EclipseLogger - Using 'UTF-8' encoding to copy filtered properties files.
2022-10-27 12:18:29,460 [Worker-15: Building] INFO  o.e.m.c.i.embedder.EclipseLogger - Copying 1 resource
2022-10-27 12:18:29,466 [Worker-15: Building] INFO  o.e.m.c.i.embedder.EclipseLogger - Copying 0 resource
2022-10-27 12:18:29,469 [Worker-15: Building] INFO  o.e.m.c.i.embedder.EclipseLogger - Using 'UTF-8' encoding to copy filtered resources.
2022-10-27 12:18:29,470 [Worker-15: Building] INFO  o.e.m.c.i.embedder.EclipseLogger - Using 'UTF-8' encoding to copy filtered properties files.
2022-10-27 12:18:29,470 [Worker-15: Building] INFO  o.e.m.c.i.embedder.EclipseLogger - skip non existing resourceDirectory C:\Users\velo\Desktop\java\3.SpringBoot\6.RestApi\book_6.5_rest_api__connecting_database_while_creating_rest_api\src\test\resources
2022-10-27 13:06:44,413 [Worker-5: Loading available Gradle versions] INFO  o.e.b.c.i.u.g.PublishedGradleVersions - Gradle version information cache is up-to-date. Trying to read.
2022-10-27 13:06:48,037 [Worker-9: Building] INFO  o.e.m.c.i.l.LifecycleMappingFactory - Using org.eclipse.m2e.jdt.JarLifecycleMapping lifecycle mapping for MavenProject: com.bookwithwrest:book_6.5_rest_api__connecting_database_while_creating_rest_api:0.0.1-SNAPSHOT @ C:\Users\velo\Desktop\java\3.SpringBoot\6.RestApi\book_6.5_rest_api__connecting_database_while_creating_rest_api\pom.xml.
2022-10-27 13:06:48,886 [Worker-9: Building] INFO  o.e.m.c.i.embedder.EclipseLogger - Using 'UTF-8' encoding to copy filtered resources.
2022-10-27 13:06:48,905 [Worker-9: Building] INFO  o.e.m.c.i.embedder.EclipseLogger - Using 'UTF-8' encoding to copy filtered properties files.
2022-10-27 13:06:48,908 [Worker-9: Building] INFO  o.e.m.c.i.embedder.EclipseLogger - Copying 1 resource
2022-10-27 13:06:48,924 [Worker-9: Building] INFO  o.e.m.c.i.embedder.EclipseLogger - Copying 0 resource
2022-10-27 13:06:48,929 [Worker-9: Building] INFO  o.e.m.c.i.embedder.EclipseLogger - Using 'UTF-8' encoding to copy filtered resources.
2022-10-27 13:06:48,929 [Worker-9: Building] INFO  o.e.m.c.i.embedder.EclipseLogger - Using 'UTF-8' encoding to copy filtered properties files.
2022-10-27 13:06:48,929 [Worker-9: Building] INFO  o.e.m.c.i.embedder.EclipseLogger - skip non existing resourceDirectory C:\Users\velo\Desktop\java\3.SpringBoot\6.RestApi\book_6.5_rest_api__connecting_database_while_creating_rest_api\src\test\resources
2022-10-27 13:06:50,254 [Worker-11: Building] INFO  o.e.m.c.i.embedder.EclipseLogger - Using 'UTF-8' encoding to copy filtered resources.
2022-10-27 13:06:50,254 [Worker-11: Building] INFO  o.e.m.c.i.embedder.EclipseLogger - Using 'UTF-8' encoding to copy filtered properties files.
2022-10-27 13:06:50,258 [Worker-11: Building] INFO  o.e.m.c.i.embedder.EclipseLogger - Copying 1 resource
2022-10-27 13:06:50,262 [Worker-11: Building] INFO  o.e.m.c.i.embedder.EclipseLogger - Copying 0 resource
2022-10-27 13:06:50,267 [Worker-11: Building] INFO  o.e.m.c.i.embedder.EclipseLogger - Using 'UTF-8' encoding to copy filtered resources.
2022-10-27 13:06:50,267 [Worker-11: Building] INFO  o.e.m.c.i.embedder.EclipseLogger - Using 'UTF-8' encoding to copy filtered properties files.
2022-10-27 13:06:50,269 [Worker-11: Building] INFO  o.e.m.c.i.embedder.EclipseLogger - skip non existing resourceDirectory C:\Users\velo\Desktop\java\3.SpringBoot\6.RestApi\book_6.5_rest_api__connecting_database_while_creating_rest_api\src\test\resources
2022-10-27 13:08:32,306 [Worker-2: Loading available Gradle versions] INFO  o.e.b.c.i.u.g.PublishedGradleVersions - Gradle version information cache is up-to-date. Trying to read.
2022-10-27 13:09:18,512 [Worker-13: Update Maven projects configuration] INFO  o.e.m.c.i.p.ProjectConfigurationManager - Update started
2022-10-27 13:09:19,335 [Worker-13: Update Maven projects configuration] INFO  o.e.m.c.i.l.LifecycleMappingFactory - Using org.eclipse.m2e.jdt.JarLifecycleMapping lifecycle mapping for MavenProject: com.bookwithwrest:book_6.3_rest_api_update_by_put-method_book:0.0.1-SNAPSHOT @ C:\Users\velo\Desktop\java\3.SpringBoot\6.RestApi\book_6.3_rest_api_update_by_put-method_book\pom.xml.
2022-10-27 13:09:20,534 [Worker-13: Update Maven projects configuration] INFO  o.e.m.j.i.AbstractJavaProjectConfigurator - Adding source folder /book_6.3_rest_api_update_by_put-method_book/src/main/java
2022-10-27 13:09:20,534 [Worker-13: Update Maven projects configuration] INFO  o.e.m.j.i.AbstractJavaProjectConfigurator - Adding resource folder /book_6.3_rest_api_update_by_put-method_book/src/main/resources
2022-10-27 13:09:20,540 [Worker-13: Update Maven projects configuration] INFO  o.e.m.j.i.AbstractJavaProjectConfigurator - Adding resource folder /book_6.3_rest_api_update_by_put-method_book/src/main/resources
2022-10-27 13:09:20,550 [Worker-13: Update Maven projects configuration] INFO  o.e.m.j.i.AbstractJavaProjectConfigurator - Adding source folder /book_6.3_rest_api_update_by_put-method_book/src/test/java
2022-10-27 13:09:21,016 [Worker-7: Building] INFO  o.e.m.c.i.l.LifecycleMappingFactory - Using org.eclipse.m2e.jdt.JarLifecycleMapping lifecycle mapping for MavenProject: com.bookwithwrest:book_6_rest_api_getmethod_book_with:0.0.1-SNAPSHOT @ C:\Users\velo\Desktop\java\3.SpringBoot\6.RestApi\book_6.0_rest_api_getmethod_book_with\pom.xml.
2022-10-27 13:09:21,769 [Worker-7: Building] INFO  o.e.m.c.i.embedder.EclipseLogger - Using 'UTF-8' encoding to copy filtered resources.
2022-10-27 13:09:21,769 [Worker-7: Building] INFO  o.e.m.c.i.embedder.EclipseLogger - Using 'UTF-8' encoding to copy filtered properties files.
2022-10-27 13:09:21,773 [Worker-7: Building] INFO  o.e.m.c.i.embedder.EclipseLogger - Copying 1 resource
2022-10-27 13:09:21,794 [Worker-7: Building] INFO  o.e.m.c.i.embedder.EclipseLogger - Copying 0 resource
2022-10-27 13:09:21,800 [Worker-7: Building] INFO  o.e.m.c.i.embedder.EclipseLogger - Using 'UTF-8' encoding to copy filtered resources.
2022-10-27 13:09:21,800 [Worker-7: Building] INFO  o.e.m.c.i.embedder.EclipseLogger - Using 'UTF-8' encoding to copy filtered properties files.
2022-10-27 13:09:21,800 [Worker-7: Building] INFO  o.e.m.c.i.embedder.EclipseLogger - skip non existing resourceDirectory C:\Users\velo\Desktop\java\3.SpringBoot\6.RestApi\book_6.0_rest_api_getmethod_book_with\src\test\resources
2022-10-27 13:09:22,034 [Worker-6: Updating Maven Dependencies] INFO  o.e.m.c.i.l.LifecycleMappingFactory - Using org.eclipse.m2e.jdt.JarLifecycleMapping lifecycle mapping for MavenProject: com.bookwithwrest:book_6.5_rest_api__connecting_database_while_creating_rest_api:0.0.1-SNAPSHOT @ C:\Users\velo\Desktop\java\3.SpringBoot\6.RestApi\book_6.5_rest_api__connecting_database_while_creating_rest_api\pom.xml.
2022-10-27 13:09:22,372 [Worker-3: Building] INFO  o.e.m.c.i.l.LifecycleMappingFactory - Using org.eclipse.m2e.jdt.JarLifecycleMapping lifecycle mapping for MavenProject: com.bookwithwrest:book_6_rest_api_getmethod_book_with:0.0.1-SNAPSHOT @ C:\Users\velo\Desktop\java\3.SpringBoot\6.RestApi\book_6.1_rest_api_add_postmethod_book_with\pom.xml.
2022-10-27 13:09:22,747 [Worker-3: Building] INFO  o.e.m.c.i.embedder.EclipseLogger - Using 'UTF-8' encoding to copy filtered resources.
2022-10-27 13:09:22,747 [Worker-3: Building] INFO  o.e.m.c.i.embedder.EclipseLogger - Using 'UTF-8' encoding to copy filtered properties files.
2022-10-27 13:09:22,747 [Worker-3: Building] INFO  o.e.m.c.i.embedder.EclipseLogger - Copying 1 resource
2022-10-27 13:09:22,752 [Worker-3: Building] INFO  o.e.m.c.i.embedder.EclipseLogger - Copying 0 resource
2022-10-27 13:09:22,757 [Worker-3: Building] INFO  o.e.m.c.i.embedder.EclipseLogger - Using 'UTF-8' encoding to copy filtered resources.
2022-10-27 13:09:22,758 [Worker-3: Building] INFO  o.e.m.c.i.embedder.EclipseLogger - Using 'UTF-8' encoding to copy filtered properties files.
2022-10-27 13:09:22,758 [Worker-3: Building] INFO  o.e.m.c.i.embedder.EclipseLogger - skip non existing resourceDirectory C:\Users\velo\Desktop\java\3.SpringBoot\6.RestApi\book_6.1_rest_api_add_postmethod_book_with\src\test\resources
2022-10-27 13:09:22,948 [Worker-13: Update Maven projects configuration] INFO  o.e.m.c.i.p.ProjectConfigurationManager - Update completed: 4 sec
2022-10-27 13:09:22,951 [Worker-13: Update Maven projects configuration] INFO  o.e.m.c.i.p.ProjectConfigurationManager - Update started
2022-10-27 13:09:23,402 [Worker-13: Update Maven projects configuration] INFO  o.e.m.c.i.l.LifecycleMappingFactory - Using org.eclipse.m2e.jdt.JarLifecycleMapping lifecycle mapping for MavenProject: com.bookwithwrest:book_6.3_rest_api_update_by_put-method_book:0.0.1-SNAPSHOT @ C:\Users\velo\Desktop\java\3.SpringBoot\6.RestApi\book_6.3_rest_api_update_by_put-method_book\pom.xml.
2022-10-27 13:09:23,550 [Worker-13: Update Maven projects configuration] INFO  o.e.m.c.i.l.LifecycleMappingFactory - Using org.eclipse.m2e.jdt.JarLifecycleMapping lifecycle mapping for MavenProject: com.bookwithwrest:book_6_rest_api_getmethod_book_with:0.0.1-SNAPSHOT @ C:\Users\velo\Desktop\java\3.SpringBoot\6.RestApi\book_6.1_rest_api_add_postmethod_book_with\pom.xml.
2022-10-27 13:09:23,614 [Worker-13: Update Maven projects configuration] INFO  o.e.m.c.i.l.LifecycleMappingFactory - Using org.eclipse.m2e.jdt.JarLifecycleMapping lifecycle mapping for MavenProject: com.bookwithwrest:book_6_rest_api_getmethod_book_with:0.0.1-SNAPSHOT @ C:\Users\velo\Desktop\java\3.SpringBoot\6.RestApi\book_6.2_rest_api_deletemethod_book_with\pom.xml.
2022-10-27 13:09:23,669 [Worker-13: Update Maven projects configuration] INFO  o.e.m.c.i.l.LifecycleMappingFactory - Using org.eclipse.m2e.jdt.JarLifecycleMapping lifecycle mapping for MavenProject: com.bookwithwrest:book_6_rest_api_getmethod_book_with:0.0.1-SNAPSHOT @ C:\Users\velo\Desktop\java\3.SpringBoot\6.RestApi\book_6.0_rest_api_getmethod_book_with\pom.xml.
2022-10-27 13:09:24,644 [Worker-4: Building] INFO  o.e.m.c.i.embedder.EclipseLogger - Using 'UTF-8' encoding to copy filtered resources.
2022-10-27 13:09:24,645 [Worker-4: Building] INFO  o.e.m.c.i.embedder.EclipseLogger - Using 'UTF-8' encoding to copy filtered properties files.
2022-10-27 13:09:24,646 [Worker-4: Building] INFO  o.e.m.c.i.embedder.EclipseLogger - Copying 1 resource
2022-10-27 13:09:24,660 [Worker-4: Building] INFO  o.e.m.c.i.embedder.EclipseLogger - Copying 0 resource
2022-10-27 13:09:24,665 [Worker-4: Building] INFO  o.e.m.c.i.embedder.EclipseLogger - Using 'UTF-8' encoding to copy filtered resources.
2022-10-27 13:09:24,665 [Worker-4: Building] INFO  o.e.m.c.i.embedder.EclipseLogger - Using 'UTF-8' encoding to copy filtered properties files.
2022-10-27 13:09:24,666 [Worker-4: Building] INFO  o.e.m.c.i.embedder.EclipseLogger - skip non existing resourceDirectory C:\Users\velo\Desktop\java\3.SpringBoot\6.RestApi\book_6.2_rest_api_deletemethod_book_with\src\test\resources
2022-10-27 13:09:25,000 [Worker-13: Update Maven projects configuration] INFO  o.e.m.j.i.AbstractJavaProjectConfigurator - Adding source folder /book_6.1_rest_api_add_postmethod_book_with/src/main/java
2022-10-27 13:09:25,000 [Worker-13: Update Maven projects configuration] INFO  o.e.m.j.i.AbstractJavaProjectConfigurator - Adding resource folder /book_6.1_rest_api_add_postmethod_book_with/src/main/resources
2022-10-27 13:09:25,006 [Worker-13: Update Maven projects configuration] INFO  o.e.m.j.i.AbstractJavaProjectConfigurator - Adding resource folder /book_6.1_rest_api_add_postmethod_book_with/src/main/resources
2022-10-27 13:09:25,016 [Worker-13: Update Maven projects configuration] INFO  o.e.m.j.i.AbstractJavaProjectConfigurator - Adding source folder /book_6.1_rest_api_add_postmethod_book_with/src/test/java
2022-10-27 13:09:25,039 [Worker-0: Updating Maven Dependencies] INFO  o.e.m.c.i.l.LifecycleMappingFactory - Using org.eclipse.m2e.jdt.JarLifecycleMapping lifecycle mapping for MavenProject: com.bookwithwrest:book_6.5_rest_api__connecting_database_while_creating_rest_api:0.0.1-SNAPSHOT @ C:\Users\velo\Desktop\java\3.SpringBoot\6.RestApi\book_6.5_rest_api__connecting_database_while_creating_rest_api\pom.xml.
2022-10-27 13:09:25,757 [Worker-13: Update Maven projects configuration] INFO  o.e.m.j.i.AbstractJavaProjectConfigurator - Adding source folder /book_6.3_rest_api_update_by_put-method_book/src/main/java
2022-10-27 13:09:25,757 [Worker-13: Update Maven projects configuration] INFO  o.e.m.j.i.AbstractJavaProjectConfigurator - Adding resource folder /book_6.3_rest_api_update_by_put-method_book/src/main/resources
2022-10-27 13:09:25,759 [Worker-13: Update Maven projects configuration] INFO  o.e.m.j.i.AbstractJavaProjectConfigurator - Adding resource folder /book_6.3_rest_api_update_by_put-method_book/src/main/resources
2022-10-27 13:09:25,764 [Worker-13: Update Maven projects configuration] INFO  o.e.m.j.i.AbstractJavaProjectConfigurator - Adding source folder /book_6.3_rest_api_update_by_put-method_book/src/test/java
2022-10-27 13:09:26,299 [Worker-13: Update Maven projects configuration] INFO  o.e.m.j.i.AbstractJavaProjectConfigurator - Adding source folder /book_6.0_rest_api_getmethod_book_with/src/main/java
2022-10-27 13:09:26,300 [Worker-13: Update Maven projects configuration] INFO  o.e.m.j.i.AbstractJavaProjectConfigurator - Adding resource folder /book_6.0_rest_api_getmethod_book_with/src/main/resources
2022-10-27 13:09:26,307 [Worker-13: Update Maven projects configuration] INFO  o.e.m.j.i.AbstractJavaProjectConfigurator - Adding resource folder /book_6.0_rest_api_getmethod_book_with/src/main/resources
2022-10-27 13:09:26,316 [Worker-13: Update Maven projects configuration] INFO  o.e.m.j.i.AbstractJavaProjectConfigurator - Adding source folder /book_6.0_rest_api_getmethod_book_with/src/test/java
2022-10-27 13:09:26,806 [Worker-13: Update Maven projects configuration] INFO  o.e.m.j.i.AbstractJavaProjectConfigurator - Adding source folder /book_6.2_rest_api_deletemethod_book_with/src/main/java
2022-10-27 13:09:26,806 [Worker-13: Update Maven projects configuration] INFO  o.e.m.j.i.AbstractJavaProjectConfigurator - Adding resource folder /book_6.2_rest_api_deletemethod_book_with/src/main/resources
2022-10-27 13:09:26,813 [Worker-13: Update Maven projects configuration] INFO  o.e.m.j.i.AbstractJavaProjectConfigurator - Adding resource folder /book_6.2_rest_api_deletemethod_book_with/src/main/resources
2022-10-27 13:09:26,823 [Worker-13: Update Maven projects configuration] INFO  o.e.m.j.i.AbstractJavaProjectConfigurator - Adding source folder /book_6.2_rest_api_deletemethod_book_with/src/test/java
2022-10-27 13:09:27,289 [Worker-13: Update Maven projects configuration] INFO  o.e.m.c.i.p.ProjectConfigurationManager - Update completed: 4 sec
2022-10-27 13:09:27,408 [Worker-3: Building] INFO  o.e.m.c.i.embedder.EclipseLogger - Using 'UTF-8' encoding to copy filtered resources.
2022-10-27 13:09:27,408 [Worker-3: Building] INFO  o.e.m.c.i.embedder.EclipseLogger - Using 'UTF-8' encoding to copy filtered properties files.
2022-10-27 13:09:27,411 [Worker-3: Building] INFO  o.e.m.c.i.embedder.EclipseLogger - Copying 1 resource
2022-10-27 13:09:27,417 [Worker-3: Building] INFO  o.e.m.c.i.embedder.EclipseLogger - Copying 0 resource
2022-10-27 13:09:27,422 [Worker-3: Building] INFO  o.e.m.c.i.embedder.EclipseLogger - Using 'UTF-8' encoding to copy filtered resources.
2022-10-27 13:09:27,422 [Worker-3: Building] INFO  o.e.m.c.i.embedder.EclipseLogger - Using 'UTF-8' encoding to copy filtered properties files.
2022-10-27 13:09:27,422 [Worker-3: Building] INFO  o.e.m.c.i.embedder.EclipseLogger - skip non existing resourceDirectory C:\Users\velo\Desktop\java\3.SpringBoot\6.RestApi\book_6.0_rest_api_getmethod_book_with\src\test\resources
2022-10-27 13:09:27,585 [Worker-3: Building] INFO  o.e.m.c.i.embedder.EclipseLogger - Using 'UTF-8' encoding to copy filtered resources.
2022-10-27 13:09:27,585 [Worker-3: Building] INFO  o.e.m.c.i.embedder.EclipseLogger - Using 'UTF-8' encoding to copy filtered properties files.
2022-10-27 13:09:27,589 [Worker-3: Building] INFO  o.e.m.c.i.embedder.EclipseLogger - Copying 1 resource
2022-10-27 13:09:27,593 [Worker-3: Building] INFO  o.e.m.c.i.embedder.EclipseLogger - Copying 0 resource
2022-10-27 13:09:27,599 [Worker-3: Building] INFO  o.e.m.c.i.embedder.EclipseLogger - Using 'UTF-8' encoding to copy filtered resources.
2022-10-27 13:09:27,599 [Worker-3: Building] INFO  o.e.m.c.i.embedder.EclipseLogger - Using 'UTF-8' encoding to copy filtered properties files.
2022-10-27 13:09:27,600 [Worker-3: Building] INFO  o.e.m.c.i.embedder.EclipseLogger - skip non existing resourceDirectory C:\Users\velo\Desktop\java\3.SpringBoot\6.RestApi\book_6.1_rest_api_add_postmethod_book_with\src\test\resources
2022-10-27 13:09:27,771 [Worker-3: Building] INFO  o.e.m.c.i.embedder.EclipseLogger - Using 'UTF-8' encoding to copy filtered resources.
2022-10-27 13:09:27,772 [Worker-3: Building] INFO  o.e.m.c.i.embedder.EclipseLogger - Using 'UTF-8' encoding to copy filtered properties files.
2022-10-27 13:09:27,773 [Worker-3: Building] INFO  o.e.m.c.i.embedder.EclipseLogger - Copying 1 resource
2022-10-27 13:09:27,779 [Worker-3: Building] INFO  o.e.m.c.i.embedder.EclipseLogger - Copying 0 resource
2022-10-27 13:09:27,788 [Worker-3: Building] INFO  o.e.m.c.i.embedder.EclipseLogger - Using 'UTF-8' encoding to copy filtered resources.
2022-10-27 13:09:27,788 [Worker-3: Building] INFO  o.e.m.c.i.embedder.EclipseLogger - Using 'UTF-8' encoding to copy filtered properties files.
2022-10-27 13:09:27,789 [Worker-3: Building] INFO  o.e.m.c.i.embedder.EclipseLogger - skip non existing resourceDirectory C:\Users\velo\Desktop\java\3.SpringBoot\6.RestApi\book_6.2_rest_api_deletemethod_book_with\src\test\resources
2022-10-27 13:09:28,025 [Worker-3: Building] INFO  o.e.m.c.i.embedder.EclipseLogger - Using 'UTF-8' encoding to copy filtered resources.
2022-10-27 13:09:28,025 [Worker-3: Building] INFO  o.e.m.c.i.embedder.EclipseLogger - Using 'UTF-8' encoding to copy filtered properties files.
2022-10-27 13:09:28,026 [Worker-3: Building] INFO  o.e.m.c.i.embedder.EclipseLogger - Copying 1 resource
2022-10-27 13:09:28,028 [Worker-3: Building] INFO  o.e.m.c.i.embedder.EclipseLogger - Copying 0 resource
2022-10-27 13:09:28,039 [Worker-3: Building] INFO  o.e.m.c.i.embedder.EclipseLogger - Using 'UTF-8' encoding to copy filtered resources.
2022-10-27 13:09:28,039 [Worker-3: Building] INFO  o.e.m.c.i.embedder.EclipseLogger - Using 'UTF-8' encoding to copy filtered properties files.
2022-10-27 13:09:28,039 [Worker-3: Building] INFO  o.e.m.c.i.embedder.EclipseLogger - skip non existing resourceDirectory C:\Users\velo\Desktop\java\3.SpringBoot\6.RestApi\book_6.3_rest_api_update_by_put-method_book\src\test\resources
2022-10-27 13:09:28,304 [Worker-3: Building] INFO  o.e.m.c.i.embedder.EclipseLogger - Using 'UTF-8' encoding to copy filtered resources.
2022-10-27 13:09:28,304 [Worker-3: Building] INFO  o.e.m.c.i.embedder.EclipseLogger - Using 'UTF-8' encoding to copy filtered properties files.
2022-10-27 13:09:28,305 [Worker-3: Building] INFO  o.e.m.c.i.embedder.EclipseLogger - Copying 1 resource
2022-10-27 13:09:28,309 [Worker-3: Building] INFO  o.e.m.c.i.embedder.EclipseLogger - Copying 0 resource
2022-10-27 13:09:28,313 [Worker-3: Building] INFO  o.e.m.c.i.embedder.EclipseLogger - Using 'UTF-8' encoding to copy filtered resources.
2022-10-27 13:09:28,313 [Worker-3: Building] INFO  o.e.m.c.i.embedder.EclipseLogger - Using 'UTF-8' encoding to copy filtered properties files.
2022-10-27 13:09:28,313 [Worker-3: Building] INFO  o.e.m.c.i.embedder.EclipseLogger - skip non existing resourceDirectory C:\Users\velo\Desktop\java\3.SpringBoot\6.RestApi\book_6.5_rest_api__connecting_database_while_creating_rest_api\src\test\resources
2022-10-27 13:14:58,926 [Worker-6: Loading available Gradle versions] INFO  o.e.b.c.i.u.g.PublishedGradleVersions - Gradle version information cache is up-to-date. Trying to read.
